<?xml version="1.0" encoding="UTF-8"?>
<testng-results skipped="0" failed="0" ignored="16" total="17" passed="1">
  <reporter-output>
  </reporter-output>
  <suite name="Default suite" duration-ms="163032" started-at="2020-09-11T18:41:48 EDT" finished-at="2020-09-11T18:44:31 EDT">
    <groups>
    </groups>
    <test name="Default test" duration-ms="163032" started-at="2020-09-11T18:41:48 EDT" finished-at="2020-09-11T18:44:31 EDT">
      <class name="com.dotDash.DotDash.Test1">
        <test-method status="PASS" signature="setUp()[pri:0, instance:com.dotDash.DotDash.Test1@64729b1e]" name="setUp" is-config="true" duration-ms="22051" started-at="2020-09-11T18:41:48 EDT" finished-at="2020-09-11T18:42:10 EDT">
          <reporter-output>
          </reporter-output>
        </test-method> <!-- setUp -->
        <test-method status="PASS" signature="iFrame()[pri:0, instance:com.dotDash.DotDash.Test1@64729b1e]" name="iFrame" duration-ms="140763" started-at="2020-09-11T18:42:10 EDT" finished-at="2020-09-11T18:44:31 EDT">
          <reporter-output>
          </reporter-output>
        </test-method> <!-- iFrame -->
        <test-method status="PASS" signature="tearDown()[pri:0, instance:com.dotDash.DotDash.Test1@64729b1e]" name="tearDown" is-config="true" duration-ms="0" started-at="2020-09-11T18:44:31 EDT" finished-at="2020-09-11T18:44:31 EDT">
          <reporter-output>
          </reporter-output>
        </test-method> <!-- tearDown -->
      </class> <!-- com.dotDash.DotDash.Test1 -->
    </test> <!-- Default test -->
  </suite> <!-- Default suite -->
</testng-results>
