<?xml version="1.0" encoding="UTF-8"?>
<!-- Generated by org.testng.reporters.JUnitXMLReporter -->
<testsuite hostname="DESKTOP-6AVQDCU" ignored="16" name="Default test" tests="1" failures="0" timestamp="2020-09-11T18:44:31 EDT" time="163.032" errors="0">
  <testcase name="iFrame" time="140.763" classname="com.dotDash.DotDash.Test1"/>
  <testcase name="notificationMessage" time="0.0" classname="com.dotDash.DotDash.Test1">
    <ignored/>
  </testcase> <!-- notificationMessage -->
  <testcase name="successfulLogin" time="0.0" classname="com.dotDash.DotDash.Test1">
    <ignored/>
  </testcase> <!-- successfulLogin -->
  <testcase name="ContextMenu" time="0.0" classname="com.dotDash.DotDash.Test1">
    <ignored/>
  </testcase> <!-- ContextMenu -->
  <testcase name="jsError" time="0.0" classname="com.dotDash.DotDash.Test1">
    <ignored/>
  </testcase> <!-- jsError -->
  <testcase name="dragAndDrop" time="0.0" classname="com.dotDash.DotDash.Test1">
    <ignored/>
  </testcase> <!-- dragAndDrop -->
  <testcase name="fileUpload" time="0.0" classname="com.dotDash.DotDash.Test1">
    <ignored/>
  </testcase> <!-- fileUpload -->
  <testcase name="fileDownload" time="0.0" classname="com.dotDash.DotDash.Test1">
    <ignored/>
  </testcase> <!-- fileDownload -->
  <testcase name="dropDown" time="0.0" classname="com.dotDash.DotDash.Test1">
    <ignored/>
  </testcase> <!-- dropDown -->
  <testcase name="failureLogin" time="0.0" classname="com.dotDash.DotDash.Test1">
    <ignored/>
  </testcase> <!-- failureLogin -->
  <testcase name="floatingMenu" time="0.0" classname="com.dotDash.DotDash.Test1">
    <ignored/>
  </testcase> <!-- floatingMenu -->
  <testcase name="newWindow" time="0.0" classname="com.dotDash.DotDash.Test1">
    <ignored/>
  </testcase> <!-- newWindow -->
  <testcase name="checkBox" time="0.0" classname="com.dotDash.DotDash.Test1">
    <ignored/>
  </testcase> <!-- checkBox -->
  <testcase name="dynamicControls" time="0.0" classname="com.dotDash.DotDash.Test1">
    <ignored/>
  </testcase> <!-- dynamicControls -->
  <testcase name="dynamicLoading" time="0.0" classname="com.dotDash.DotDash.Test1">
    <ignored/>
  </testcase> <!-- dynamicLoading -->
  <testcase name="dynamicContent" time="0.0" classname="com.dotDash.DotDash.Test1">
    <ignored/>
  </testcase> <!-- dynamicContent -->
  <testcase name="jsAlert" time="0.0" classname="com.dotDash.DotDash.Test1">
    <ignored/>
  </testcase> <!-- jsAlert -->
</testsuite> <!-- Default test -->
